recyclerviewpaginated/build/outputs/logs/manifest-merger-debug-report.txt
-- Merging decision tree log ---
manifest
ADDED from src\main\AndroidManifest.xml:1:1-65
INJECTED from src\main\AndroidManifest.xml:1:1-65
INJECTED from src\main\AndroidManifest.xml:1:1-65
	package
		ADDED from src\main\AndroidManifest.xml:1:11-62
		INJECTED from src\main\AndroidManifest.xml
		INJECTED from src\main\AndroidManifest.xml